{"C:\\Users\\chris\\OneDrive\\Documents\\CodingDojo\\MERN\\round2\\JestUnitTesting\\add.js": {"path":"C:\\Users\\chris\\OneDrive\\Documents\\CodingDojo\\MERN\\round2\\JestUnitTesting\\add.js","statementMap":{"0":{"start":{"line":2,"column":4},"end":{"line":2,"column":17}},"1":{"start":{"line":5,"column":0},"end":{"line":5,"column":21}}},"fnMap":{"0":{"name":"add","decl":{"start":{"line":1,"column":9},"end":{"line":1,"column":12}},"loc":{"start":{"line":1,"column":19},"end":{"line":3,"column":1}},"line":1}},"branchMap":{},"s":{"0":1,"1":1},"f":{"0":1},"b":{},"_coverageSchema":"1a1c01bbd47fc00a2c39e90264f33305004495a9","hash":"8f534e466f7406047266d0f61ed9275c5b060310"}
,"C:\\Users\\chris\\OneDrive\\Documents\\CodingDojo\\MERN\\round2\\JestUnitTesting\\duplicateArray.js": {"path":"C:\\Users\\chris\\OneDrive\\Documents\\CodingDojo\\MERN\\round2\\JestUnitTesting\\duplicateArray.js","statementMap":{"0":{"start":{"line":2,"column":4},"end":{"line":2,"column":20}},"1":{"start":{"line":5,"column":0},"end":{"line":5,"column":32}}},"fnMap":{"0":{"name":"duplicateArray","decl":{"start":{"line":1,"column":9},"end":{"line":1,"column":23}},"loc":{"start":{"line":1,"column":29},"end":{"line":3,"column":1}},"line":1}},"branchMap":{},"s":{"0":2,"1":1},"f":{"0":2},"b":{},"_coverageSchema":"1a1c01bbd47fc00a2c39e90264f33305004495a9","hash":"294eecd0317b2da94c7c8dcb64294f0f5cea37b2"}
,"C:\\Users\\chris\\OneDrive\\Documents\\CodingDojo\\MERN\\round2\\JestUnitTesting\\subtract.js": {"path":"C:\\Users\\chris\\OneDrive\\Documents\\CodingDojo\\MERN\\round2\\JestUnitTesting\\subtract.js","statementMap":{"0":{"start":{"line":2,"column":4},"end":{"line":2,"column":17}},"1":{"start":{"line":5,"column":0},"end":{"line":5,"column":26}}},"fnMap":{"0":{"name":"subtract","decl":{"start":{"line":1,"column":9},"end":{"line":1,"column":17}},"loc":{"start":{"line":1,"column":24},"end":{"line":3,"column":1}},"line":1}},"branchMap":{},"s":{"0":1,"1":1},"f":{"0":1},"b":{},"_coverageSchema":"1a1c01bbd47fc00a2c39e90264f33305004495a9","hash":"916aacbb93544771fd655ae78bc57308929a2c58"}
}
